2024-11-20 22:45:21,467 - INFO - Starting YouTube Data Fetcher...
2024-11-20 22:45:21,471 - INFO - file_cache is only supported with oauth2client<4.0.0
2024-11-20 22:45:26,268 - INFO - Fetched 13 videos.
2024-11-20 22:45:26,269 - INFO - Fetching comments for video: England vs South Africa 3rd ODI 2012 | #cricket #ipl #worldcup #crickethighlights (-09DtW9D44c)
2024-11-20 22:45:26,458 - INFO - Fetched 4 comments for video: -09DtW9D44c
2024-11-20 22:45:26,459 - INFO - Fetching comments for video: England vs South Africa 2nd ODI 2012 | #cricket #cricketlover #ipl #worldcup (QmMrHg-IXwM)
2024-11-20 22:45:26,665 - INFO - Fetched 8 comments for video: QmMrHg-IXwM
2024-11-20 22:45:26,666 - INFO - Fetching comments for video: England vs South Africa 2nd Test 2012 | #cricket #ipl #worldcup #cricketlover (VPOsl8iicSs)
2024-11-20 22:45:27,142 - INFO - Fetched 11 comments for video: VPOsl8iicSs
2024-11-20 22:45:27,143 - INFO - Fetching comments for video: England vs South Africa 1st Test 2012 | #cricket #cricketlover #testcricket #worldcup (HlCRuOn2TGQ)
2024-11-20 22:45:27,308 - INFO - Fetched 38 comments for video: HlCRuOn2TGQ
2024-11-20 22:45:27,309 - INFO - Fetching comments for video: Sri Lanka vs India Only T20I 2017 | #cricket #cricketlover #t20worldcup #ipl #kohli #dhoni #worldcup (kpm3LsdCZ8Q)
2024-11-20 22:45:27,593 - INFO - Fetched 1 comments for video: kpm3LsdCZ8Q
2024-11-20 22:45:27,594 - INFO - Fetching comments for video: Australia vs South Africa ODI Tri Series 2014 Match 5 | #cricket #cricketlover #ipl #worldcup (aCIc_OpQ9eM)
2024-11-20 22:45:27,789 - INFO - Fetched 9 comments for video: aCIc_OpQ9eM
2024-11-20 22:45:27,790 - INFO - Fetching comments for video: Zimbabwe vs Australia ODI Tri Series Match 4 | #cricket #cricketlover #ipl (2dvLFqYRh98)
2024-11-20 22:45:27,993 - INFO - Fetched 4 comments for video: 2dvLFqYRh98
2024-11-20 22:45:27,993 - INFO - Fetching comments for video: Zimbabawe vs South Africa ODI Tri Series 2014 Match 3 | #cricket #ipl #cricketlover #odicricket (8bEk-SBPbEo)
2024-11-20 22:45:28,102 - INFO - Fetched 5 comments for video: 8bEk-SBPbEo
2024-11-20 22:45:28,102 - INFO - Fetching comments for video: Zimbabwe vs Australia ODI Tri Series 2014 Match 1 | #cricket #cricketlover #crickethighlights (37fGWNeXocc)
2024-11-20 22:45:28,411 - INFO - Fetched 3 comments for video: 37fGWNeXocc
2024-11-20 22:45:28,412 - INFO - Fetching comments for video: India vs West Indies 1st Test 2011 Highlights #cricket #cricketlover #crickethighlights #worldcup (FlfmKYt4ws0)
2024-11-20 22:45:28,543 - INFO - Fetched 16 comments for video: FlfmKYt4ws0
2024-11-20 22:45:28,544 - INFO - Fetching comments for video: India vs Australia 4th Test | BGT 2013 HD*720p50 Highlights | #cricket #indvsaus #crickethighlights (bgNrnzGV19U)
2024-11-20 22:45:29,243 - INFO - Fetched 132 comments for video: bgNrnzGV19U
2024-11-20 22:45:29,244 - INFO - Fetching comments for video: Spin Bowling and Turn 🤯 David Warner surrenders to the Sheer brilliance of Ravi Ashwin ! Genius (cgLln8J4Czg)
2024-11-20 22:45:29,441 - INFO - Fetched 3 comments for video: cgLln8J4Czg
2024-11-20 22:45:29,442 - INFO - Fetching comments for video: Hashim Amla Splendid 140 vs India 1st Test 2010 (sh70umXJkIU)
2024-11-20 22:45:29,632 - INFO - Fetched 5 comments for video: sh70umXJkIU
2024-11-20 22:45:30,109 - INFO - Data successfully exported to YouTube_Cricket Majestic.xlsx
2024-11-20 22:45:30,109 - INFO - Data successfully exported to YouTube_Cricket Majestic.xlsx
2024-11-20 22:52:22,043 - INFO - Starting YouTube Data Fetcher...
2024-11-20 22:52:22,046 - INFO - file_cache is only supported with oauth2client<4.0.0
2024-11-20 22:52:28,652 - INFO - Fetched 13 videos.
2024-11-20 22:52:28,653 - INFO - Fetching comments for video: England vs South Africa 3rd ODI 2012 | #cricket #ipl #worldcup #crickethighlights (-09DtW9D44c)
2024-11-20 22:52:28,857 - INFO - Fetched 4 comments for video: -09DtW9D44c
2024-11-20 22:52:28,857 - INFO - Fetching comments for video: England vs South Africa 2nd ODI 2012 | #cricket #cricketlover #ipl #worldcup (QmMrHg-IXwM)
2024-11-20 22:52:29,063 - INFO - Fetched 8 comments for video: QmMrHg-IXwM
2024-11-20 22:52:29,064 - INFO - Fetching comments for video: England vs South Africa 2nd Test 2012 | #cricket #ipl #worldcup #cricketlover (VPOsl8iicSs)
2024-11-20 22:52:29,267 - INFO - Fetched 11 comments for video: VPOsl8iicSs
2024-11-20 22:52:29,268 - INFO - Fetching comments for video: England vs South Africa 1st Test 2012 | #cricket #cricketlover #testcricket #worldcup (HlCRuOn2TGQ)
2024-11-20 22:52:29,473 - INFO - Fetched 38 comments for video: HlCRuOn2TGQ
2024-11-20 22:52:29,473 - INFO - Fetching comments for video: Sri Lanka vs India Only T20I 2017 | #cricket #cricketlover #t20worldcup #ipl #kohli #dhoni #worldcup (kpm3LsdCZ8Q)
2024-11-20 22:52:29,676 - INFO - Fetched 1 comments for video: kpm3LsdCZ8Q
2024-11-20 22:52:29,677 - INFO - Fetching comments for video: Australia vs South Africa ODI Tri Series 2014 Match 5 | #cricket #cricketlover #ipl #worldcup (aCIc_OpQ9eM)
2024-11-20 22:52:29,883 - INFO - Fetched 9 comments for video: aCIc_OpQ9eM
2024-11-20 22:52:29,885 - INFO - Fetching comments for video: Zimbabwe vs Australia ODI Tri Series Match 4 | #cricket #cricketlover #ipl (2dvLFqYRh98)
2024-11-20 22:52:30,101 - INFO - Fetched 4 comments for video: 2dvLFqYRh98
2024-11-20 22:52:30,101 - INFO - Fetching comments for video: Zimbabawe vs South Africa ODI Tri Series 2014 Match 3 | #cricket #ipl #cricketlover #odicricket (8bEk-SBPbEo)
2024-11-20 22:52:30,292 - INFO - Fetched 5 comments for video: 8bEk-SBPbEo
2024-11-20 22:52:30,292 - INFO - Fetching comments for video: Zimbabwe vs Australia ODI Tri Series 2014 Match 1 | #cricket #cricketlover #crickethighlights (37fGWNeXocc)
2024-11-20 22:52:30,497 - INFO - Fetched 3 comments for video: 37fGWNeXocc
2024-11-20 22:52:30,497 - INFO - Fetching comments for video: India vs West Indies 1st Test 2011 Highlights #cricket #cricketlover #crickethighlights #worldcup (FlfmKYt4ws0)
2024-11-20 22:52:30,700 - INFO - Fetched 16 comments for video: FlfmKYt4ws0
2024-11-20 22:52:30,701 - INFO - Fetching comments for video: India vs Australia 4th Test | BGT 2013 HD*720p50 Highlights | #cricket #indvsaus #crickethighlights (bgNrnzGV19U)
2024-11-20 22:52:31,328 - INFO - Fetched 132 comments for video: bgNrnzGV19U
2024-11-20 22:52:31,329 - INFO - Fetching comments for video: Spin Bowling and Turn 🤯 David Warner surrenders to the Sheer brilliance of Ravi Ashwin ! Genius (cgLln8J4Czg)
2024-11-20 22:52:31,519 - INFO - Fetched 3 comments for video: cgLln8J4Czg
2024-11-20 22:52:31,519 - INFO - Fetching comments for video: Hashim Amla Splendid 140 vs India 1st Test 2010 (sh70umXJkIU)
2024-11-20 22:52:31,739 - INFO - Fetched 5 comments for video: sh70umXJkIU
2024-11-20 22:52:32,180 - INFO - Data successfully exported to YouTube_Cricket Majestic.xlsx
2024-11-20 22:52:32,181 - INFO - Data successfully exported to YouTube_Cricket Majestic.xlsx
2024-11-20 22:55:32,382 - INFO - Starting YouTube Data Fetcher...
2024-11-20 22:55:32,385 - INFO - file_cache is only supported with oauth2client<4.0.0
2024-11-20 22:55:40,753 - INFO - Fetched channel details: ID = UCarz3L50VPbVhYR0A7WClLA, Name = Cricket Majestic
2024-11-20 22:55:43,166 - INFO - Fetched 13 videos.
2024-11-20 22:55:43,167 - INFO - Fetching comments for video: England vs South Africa 3rd ODI 2012 | #cricket #ipl #worldcup #crickethighlights (-09DtW9D44c)
2024-11-20 22:55:43,357 - INFO - Fetched 4 comments for video: -09DtW9D44c
2024-11-20 22:55:43,358 - INFO - Fetching comments for video: England vs South Africa 2nd ODI 2012 | #cricket #cricketlover #ipl #worldcup (QmMrHg-IXwM)
2024-11-20 22:55:43,609 - INFO - Fetched 8 comments for video: QmMrHg-IXwM
2024-11-20 22:55:43,610 - INFO - Fetching comments for video: England vs South Africa 2nd Test 2012 | #cricket #ipl #worldcup #cricketlover (VPOsl8iicSs)
2024-11-20 22:55:43,872 - INFO - Fetched 11 comments for video: VPOsl8iicSs
2024-11-20 22:55:43,873 - INFO - Fetching comments for video: England vs South Africa 1st Test 2012 | #cricket #cricketlover #testcricket #worldcup (HlCRuOn2TGQ)
2024-11-20 22:55:44,125 - INFO - Fetched 38 comments for video: HlCRuOn2TGQ
2024-11-20 22:55:44,125 - INFO - Fetching comments for video: Sri Lanka vs India Only T20I 2017 | #cricket #cricketlover #t20worldcup #ipl #kohli #dhoni #worldcup (kpm3LsdCZ8Q)
2024-11-20 22:55:44,388 - INFO - Fetched 1 comments for video: kpm3LsdCZ8Q
2024-11-20 22:55:44,389 - INFO - Fetching comments for video: Australia vs South Africa ODI Tri Series 2014 Match 5 | #cricket #cricketlover #ipl #worldcup (aCIc_OpQ9eM)
2024-11-20 22:55:44,660 - INFO - Fetched 9 comments for video: aCIc_OpQ9eM
2024-11-20 22:55:44,661 - INFO - Fetching comments for video: Zimbabwe vs Australia ODI Tri Series Match 4 | #cricket #cricketlover #ipl (2dvLFqYRh98)
2024-11-20 22:55:44,924 - INFO - Fetched 4 comments for video: 2dvLFqYRh98
2024-11-20 22:55:44,925 - INFO - Fetching comments for video: Zimbabawe vs South Africa ODI Tri Series 2014 Match 3 | #cricket #ipl #cricketlover #odicricket (8bEk-SBPbEo)
2024-11-20 22:55:45,155 - INFO - Fetched 5 comments for video: 8bEk-SBPbEo
2024-11-20 22:55:45,156 - INFO - Fetching comments for video: Zimbabwe vs Australia ODI Tri Series 2014 Match 1 | #cricket #cricketlover #crickethighlights (37fGWNeXocc)
2024-11-20 22:55:45,390 - INFO - Fetched 3 comments for video: 37fGWNeXocc
2024-11-20 22:55:45,392 - INFO - Fetching comments for video: India vs West Indies 1st Test 2011 Highlights #cricket #cricketlover #crickethighlights #worldcup (FlfmKYt4ws0)
2024-11-20 22:55:46,072 - INFO - Fetched 16 comments for video: FlfmKYt4ws0
2024-11-20 22:55:46,073 - INFO - Fetching comments for video: India vs Australia 4th Test | BGT 2013 HD*720p50 Highlights | #cricket #indvsaus #crickethighlights (bgNrnzGV19U)
2024-11-20 22:55:47,074 - INFO - Fetched 132 comments for video: bgNrnzGV19U
2024-11-20 22:55:47,075 - INFO - Fetching comments for video: Spin Bowling and Turn 🤯 David Warner surrenders to the Sheer brilliance of Ravi Ashwin ! Genius (cgLln8J4Czg)
2024-11-20 22:55:47,496 - INFO - Fetched 3 comments for video: cgLln8J4Czg
2024-11-20 22:55:47,497 - INFO - Fetching comments for video: Hashim Amla Splendid 140 vs India 1st Test 2010 (sh70umXJkIU)
2024-11-20 22:55:48,158 - INFO - Fetched 5 comments for video: sh70umXJkIU
2024-11-20 22:55:48,649 - INFO - Data successfully exported to YouTube_Cricket Majestic.xlsx
2024-11-20 22:55:48,650 - INFO - Data successfully exported to YouTube_Cricket Majestic.xlsx
2024-11-20 23:12:23,925 - INFO - Starting YouTube Data Fetcher...
2024-11-20 23:12:23,933 - INFO - file_cache is only supported with oauth2client<4.0.0
2024-11-20 23:12:49,113 - INFO - Fetched channel details: ID = UCIKnozTxeiIEy60WoW9xi8w, Name = CricTen HD 
2024-11-20 23:12:50,520 - INFO - Fetched 16 videos.
2024-11-20 23:12:50,521 - INFO - Fetching comments for video: India vs England 3rd Test 2016 | Full Match Highlights (f0DE2L_trq4)
2024-11-20 23:12:50,633 - INFO - Fetched 8 comments for video: f0DE2L_trq4
2024-11-20 23:12:50,634 - INFO - Fetching comments for video: India vs England 2nd Test 2012 | Full Match Highlights (XlrRBOxgQDo)
2024-11-20 23:12:50,768 - INFO - Fetched 20 comments for video: XlrRBOxgQDo
2024-11-20 23:12:50,768 - INFO - Fetching comments for video: India vs England 2nd Test 2016 | Full Match Highlights (7Wr7XwAjEC0)
2024-11-20 23:12:50,882 - INFO - Fetched 14 comments for video: 7Wr7XwAjEC0
2024-11-20 23:12:50,882 - INFO - Fetching comments for video: India vs England 1st Test 2016 | Full Match Highlights (KHLlTrHXHwo)
2024-11-20 23:12:51,030 - INFO - Fetched 22 comments for video: KHLlTrHXHwo
2024-11-20 23:12:51,031 - INFO - Fetching comments for video: New Zealand vs South Africa 2nd Test 2012 | Highlights (4Su_fO7JMoU)
2024-11-20 23:12:51,135 - INFO - Fetched 4 comments for video: 4Su_fO7JMoU
2024-11-20 23:12:51,136 - INFO - Fetching comments for video: Classic ! India vs Pakistan 2nd T20 2012 | Full Match Highlights (rVXbBooCoq0)
2024-11-20 23:12:51,300 - INFO - Fetched 45 comments for video: rVXbBooCoq0
2024-11-20 23:12:51,301 - INFO - Fetching comments for video: India vs England 1st Test 2012 | Full Match Highlights (R1DBSiWwaRE)
2024-11-20 23:12:51,448 - INFO - Fetched 63 comments for video: R1DBSiWwaRE
2024-11-20 23:12:51,448 - INFO - Fetching comments for video: India vs Pakistan 1st T20 2012 | Highlights (ThkFzhXAgdk)
2024-11-20 23:12:51,689 - INFO - Fetched 129 comments for video: ThkFzhXAgdk
2024-11-20 23:12:51,690 - INFO - Fetching comments for video: Series Decider ! India vs Australia 4th Test 2017 | Highlights - BGT 2017 (RlV1ueVzmxc)
2024-11-20 23:12:51,841 - INFO - Fetched 54 comments for video: RlV1ueVzmxc
2024-11-20 23:12:51,842 - INFO - Fetching comments for video: India vs Australia 3rd Test 2017 | Full Match Highlights - BGT 2017 (gcNY_za_zks)
2024-11-20 23:12:51,979 - INFO - Fetched 32 comments for video: gcNY_za_zks
2024-11-20 23:12:51,980 - INFO - Fetching comments for video: India vs Australia 2nd Test 2017 | Full Match Highlights - BGT 2017 (80SUZyq0QE4)
2024-11-20 23:12:52,169 - INFO - Fetched 86 comments for video: 80SUZyq0QE4
2024-11-20 23:12:52,170 - INFO - Fetching comments for video: India vs Australia 1st Test 2017 | Full Match Highlights - BGT 2017 (HWq9DIYp95w)
2024-11-20 23:12:52,354 - INFO - Fetched 90 comments for video: HWq9DIYp95w
2024-11-20 23:12:52,355 - INFO - Fetching comments for video: India vs South Africa 4th Test 2015 | Highlights (5OpwaTEDl3s)
2024-11-20 23:12:52,553 - INFO - Fetched 133 comments for video: 5OpwaTEDl3s
2024-11-20 23:12:52,554 - INFO - Fetching comments for video: India vs South Africa 3rd Test 2015 | Highlights (GyJUdk2apSE)
2024-11-20 23:12:52,699 - INFO - Fetched 62 comments for video: GyJUdk2apSE
2024-11-20 23:12:52,700 - INFO - Fetching comments for video: India vs South Africa 1st Test 2015 at Mohali | Highlights (N1fpv0i7BUE)
2024-11-20 23:12:52,866 - INFO - Fetched 102 comments for video: N1fpv0i7BUE
2024-11-20 23:12:52,867 - INFO - Fetching comments for video: England vs New Zealand 2nd Test 2015 | Full Match Highlights (0od2tU7XXRs)
2024-11-20 23:12:53,020 - INFO - Fetched 19 comments for video: 0od2tU7XXRs
2024-11-20 23:12:53,545 - INFO - Data successfully exported to YouTube_CricTen HD .xlsx
2024-11-20 23:12:53,545 - INFO - Data successfully exported to YouTube_CricTen HD .xlsx
