2024-11-20 23:38:16,928 - INFO - Starting YouTube Data Fetcher...
2024-11-20 23:38:16,932 - INFO - file_cache is only supported with oauth2client<4.0.0
2024-11-20 23:38:20,574 - INFO - Fetched channel details: ID = UCarz3L50VPbVhYR0A7WClLA, Name = Cricket Majestic
2024-11-20 23:38:21,651 - INFO - Fetched 13 videos.
2024-11-20 23:38:21,653 - INFO - Fetching comments for video: England vs South Africa 3rd ODI 2012 | #cricket #ipl #worldcup #crickethighlights (-09DtW9D44c)
2024-11-20 23:38:21,762 - INFO - Fetched 4 comments for video: -09DtW9D44c
2024-11-20 23:38:21,763 - INFO - Fetching comments for video: England vs South Africa 2nd ODI 2012 | #cricket #cricketlover #ipl #worldcup (QmMrHg-IXwM)
2024-11-20 23:38:21,871 - INFO - Fetched 8 comments for video: QmMrHg-IXwM
2024-11-20 23:38:21,875 - INFO - Fetching comments for video: England vs South Africa 2nd Test 2012 | #cricket #ipl #worldcup #cricketlover (VPOsl8iicSs)
2024-11-20 23:38:21,978 - INFO - Fetched 11 comments for video: VPOsl8iicSs
2024-11-20 23:38:21,979 - INFO - Fetching comments for video: England vs South Africa 1st Test 2012 | #cricket #cricketlover #testcricket #worldcup (HlCRuOn2TGQ)
2024-11-20 23:38:22,106 - INFO - Fetched 38 comments for video: HlCRuOn2TGQ
2024-11-20 23:38:22,108 - INFO - Fetching comments for video: Sri Lanka vs India Only T20I 2017 | #cricket #cricketlover #t20worldcup #ipl #kohli #dhoni #worldcup (kpm3LsdCZ8Q)
2024-11-20 23:38:22,208 - INFO - Fetched 1 comments for video: kpm3LsdCZ8Q
2024-11-20 23:38:22,209 - INFO - Fetching comments for video: Australia vs South Africa ODI Tri Series 2014 Match 5 | #cricket #cricketlover #ipl #worldcup (aCIc_OpQ9eM)
2024-11-20 23:38:22,324 - INFO - Fetched 9 comments for video: aCIc_OpQ9eM
2024-11-20 23:38:22,325 - INFO - Fetching comments for video: Zimbabwe vs Australia ODI Tri Series Match 4 | #cricket #cricketlover #ipl (2dvLFqYRh98)
2024-11-20 23:38:22,413 - INFO - Fetched 4 comments for video: 2dvLFqYRh98
2024-11-20 23:38:22,415 - INFO - Fetching comments for video: Zimbabawe vs South Africa ODI Tri Series 2014 Match 3 | #cricket #ipl #cricketlover #odicricket (8bEk-SBPbEo)
2024-11-20 23:38:22,534 - INFO - Fetched 5 comments for video: 8bEk-SBPbEo
2024-11-20 23:38:22,534 - INFO - Fetching comments for video: Zimbabwe vs Australia ODI Tri Series 2014 Match 1 | #cricket #cricketlover #crickethighlights (37fGWNeXocc)
2024-11-20 23:38:22,626 - INFO - Fetched 3 comments for video: 37fGWNeXocc
2024-11-20 23:38:22,627 - INFO - Fetching comments for video: India vs West Indies 1st Test 2011 Highlights #cricket #cricketlover #crickethighlights #worldcup (FlfmKYt4ws0)
2024-11-20 23:38:22,768 - INFO - Fetched 16 comments for video: FlfmKYt4ws0
2024-11-20 23:38:22,769 - INFO - Fetching comments for video: India vs Australia 4th Test | BGT 2013 HD*720p50 Highlights | #cricket #indvsaus #crickethighlights (bgNrnzGV19U)
2024-11-20 23:38:23,121 - INFO - Fetched 132 comments for video: bgNrnzGV19U
2024-11-20 23:38:23,122 - INFO - Fetching comments for video: Spin Bowling and Turn 🤯 David Warner surrenders to the Sheer brilliance of Ravi Ashwin ! Genius (cgLln8J4Czg)
2024-11-20 23:38:23,249 - INFO - Fetched 3 comments for video: cgLln8J4Czg
2024-11-20 23:38:23,249 - INFO - Fetching comments for video: Hashim Amla Splendid 140 vs India 1st Test 2010 (sh70umXJkIU)
2024-11-20 23:38:23,357 - INFO - Fetched 5 comments for video: sh70umXJkIU
2024-11-20 23:38:23,630 - INFO - Data successfully exported to output\YouTube_Cricket Majestic.xlsx
2024-11-20 23:38:23,631 - INFO - Data successfully exported to YouTube_Cricket Majestic.xlsx
2024-11-20 23:53:09,368 - INFO - Starting YouTube Data Fetcher...
2024-11-20 23:53:09,371 - INFO - file_cache is only supported with oauth2client<4.0.0
2024-11-20 23:54:15,030 - INFO - Fetched channel details: ID = UCarz3L50VPbVhYR0A7WClLA, Name = Cricket Majestic
2024-11-20 23:54:15,946 - INFO - Fetched 13 videos.
2024-11-20 23:54:15,946 - INFO - Fetching comments for video: England vs South Africa 3rd ODI 2012 | #cricket #ipl #worldcup #crickethighlights (-09DtW9D44c)
2024-11-20 23:54:16,053 - INFO - Fetched 4 comments for video: -09DtW9D44c
2024-11-20 23:54:16,054 - INFO - Fetching comments for video: England vs South Africa 2nd ODI 2012 | #cricket #cricketlover #ipl #worldcup (QmMrHg-IXwM)
2024-11-20 23:54:16,162 - INFO - Fetched 8 comments for video: QmMrHg-IXwM
2024-11-20 23:54:16,163 - INFO - Fetching comments for video: England vs South Africa 2nd Test 2012 | #cricket #ipl #worldcup #cricketlover (VPOsl8iicSs)
2024-11-20 23:54:16,272 - INFO - Fetched 11 comments for video: VPOsl8iicSs
2024-11-20 23:54:16,273 - INFO - Fetching comments for video: England vs South Africa 1st Test 2012 | #cricket #cricketlover #testcricket #worldcup (HlCRuOn2TGQ)
2024-11-20 23:54:16,400 - INFO - Fetched 38 comments for video: HlCRuOn2TGQ
2024-11-20 23:54:16,401 - INFO - Fetching comments for video: Sri Lanka vs India Only T20I 2017 | #cricket #cricketlover #t20worldcup #ipl #kohli #dhoni #worldcup (kpm3LsdCZ8Q)
2024-11-20 23:54:16,492 - INFO - Fetched 1 comments for video: kpm3LsdCZ8Q
2024-11-20 23:54:16,493 - INFO - Fetching comments for video: Australia vs South Africa ODI Tri Series 2014 Match 5 | #cricket #cricketlover #ipl #worldcup (aCIc_OpQ9eM)
2024-11-20 23:54:16,589 - INFO - Fetched 9 comments for video: aCIc_OpQ9eM
2024-11-20 23:54:16,590 - INFO - Fetching comments for video: Zimbabwe vs Australia ODI Tri Series Match 4 | #cricket #cricketlover #ipl (2dvLFqYRh98)
2024-11-20 23:54:16,685 - INFO - Fetched 4 comments for video: 2dvLFqYRh98
2024-11-20 23:54:16,685 - INFO - Fetching comments for video: Zimbabawe vs South Africa ODI Tri Series 2014 Match 3 | #cricket #ipl #cricketlover #odicricket (8bEk-SBPbEo)
2024-11-20 23:54:16,788 - INFO - Fetched 5 comments for video: 8bEk-SBPbEo
2024-11-20 23:54:16,789 - INFO - Fetching comments for video: Zimbabwe vs Australia ODI Tri Series 2014 Match 1 | #cricket #cricketlover #crickethighlights (37fGWNeXocc)
2024-11-20 23:54:16,879 - INFO - Fetched 3 comments for video: 37fGWNeXocc
2024-11-20 23:54:16,880 - INFO - Fetching comments for video: India vs West Indies 1st Test 2011 Highlights #cricket #cricketlover #crickethighlights #worldcup (FlfmKYt4ws0)
2024-11-20 23:54:16,998 - INFO - Fetched 16 comments for video: FlfmKYt4ws0
2024-11-20 23:54:16,998 - INFO - Fetching comments for video: India vs Australia 4th Test | BGT 2013 HD*720p50 Highlights | #cricket #indvsaus #crickethighlights (bgNrnzGV19U)
2024-11-20 23:54:17,427 - INFO - Fetched 132 comments for video: bgNrnzGV19U
2024-11-20 23:54:17,428 - INFO - Fetching comments for video: Spin Bowling and Turn 🤯 David Warner surrenders to the Sheer brilliance of Ravi Ashwin ! Genius (cgLln8J4Czg)
2024-11-20 23:54:17,526 - INFO - Fetched 3 comments for video: cgLln8J4Czg
2024-11-20 23:54:17,527 - INFO - Fetching comments for video: Hashim Amla Splendid 140 vs India 1st Test 2010 (sh70umXJkIU)
2024-11-20 23:54:17,619 - INFO - Fetched 5 comments for video: sh70umXJkIU
2024-11-20 23:54:17,985 - INFO - Data successfully exported to output\YouTube_Cricket Majestic.xlsx
2024-11-20 23:54:17,986 - INFO - Data successfully exported to YouTube_Cricket Majestic.xlsx
